<?xml version="1.0" encoding="UTF-8"?>
<!-- Generated by org.testng.reporters.JUnitXMLReporter -->
<testsuite ignored="0" hostname="MAVBCP3163" failures="0" tests="3" name="Default test" time="0.137" errors="0" timestamp="2021-12-04T15:06:46 IST">
  <testcase classname="com.testng.dataprovider.DataProvider1" name="setData" time="0.018"/>
  <testcase classname="com.testng.dataprovider.DataProvider1" name="setData" time="0.01"/>
  <testcase classname="com.testng.dataprovider.DataProvider1" name="setData" time="0.003"/>
</testsuite> <!-- Default test -->
