<?xml version="1.0" encoding="UTF-8"?>
<!-- Generated by org.testng.reporters.JUnitXMLReporter -->
<testsuite ignored="1" hostname="MAVBCP3163" failures="0" tests="6" name="GroupingTests" time="0.112" errors="0" timestamp="2021-12-04T15:11:51 IST">
  <testcase classname="com.testng.grouping.Grouping" name="Test1" time="0.012"/>
  <testcase classname="com.testng.grouping.Grouping" name="Test2" time="0.001"/>
  <testcase classname="com.testng.grouping.Grouping" name="Test3" time="0.006"/>
  <testcase classname="com.testng.grouping.Grouping" name="Test4" time="0.003"/>
  <testcase classname="com.testng.grouping.Grouping" name="Test6" time="0.004"/>
  <testcase classname="com.testng.grouping.Grouping" name="Test7" time="0.001"/>
  <testcase classname="com.testng.grouping.Grouping" name="Test5" time="0.0">
    <ignored/>
  </testcase> <!-- Test5 -->
</testsuite> <!-- GroupingTests -->
