<?xml version="1.0" encoding="UTF-8"?>
<!-- Generated by org.testng.reporters.JUnitXMLReporter -->
<testsuite ignored="0" hostname="MAVBCP3163" failures="0" tests="3" name="Test" time="0.105" errors="0" timestamp="2021-12-04T15:45:09 IST">
  <testcase classname="com.testng.parallel.ParallelExecution" name="test03" time="0.016"/>
  <testcase classname="com.testng.parallel.ParallelExecution" name="test01" time="0.016"/>
  <testcase classname="com.testng.parallel.ParallelExecution" name="test02" time="0.016"/>
</testsuite> <!-- Test -->
