<?xml version="1.0" encoding="UTF-8"?>
<testng-results ignored="0" total="3" passed="3" failed="0" skipped="0">
  <reporter-output>
  </reporter-output>
  <suite started-at="2021-12-04T15:45:08 IST" name="Suite" finished-at="2021-12-04T15:45:09 IST" duration-ms="105">
    <groups>
    </groups>
    <test started-at="2021-12-04T15:45:08 IST" name="Test" finished-at="2021-12-04T15:45:09 IST" duration-ms="105">
      <class name="com.testng.parallel.ParallelExecution">
        <test-method signature="test02()[pri:0, instance:com.testng.parallel.ParallelExecution@2525ff7e]" started-at="2021-12-04T15:45:08 IST" name="test02" finished-at="2021-12-04T15:45:09 IST" duration-ms="16" status="PASS">
          <reporter-output>
          </reporter-output>
        </test-method> <!-- test02 -->
        <test-method signature="test03()[pri:0, instance:com.testng.parallel.ParallelExecution@2525ff7e]" started-at="2021-12-04T15:45:08 IST" name="test03" finished-at="2021-12-04T15:45:09 IST" duration-ms="16" status="PASS">
          <reporter-output>
          </reporter-output>
        </test-method> <!-- test03 -->
        <test-method signature="test01()[pri:0, instance:com.testng.parallel.ParallelExecution@2525ff7e]" started-at="2021-12-04T15:45:08 IST" name="test01" finished-at="2021-12-04T15:45:09 IST" duration-ms="16" status="PASS">
          <reporter-output>
          </reporter-output>
        </test-method> <!-- test01 -->
      </class> <!-- com.testng.parallel.ParallelExecution -->
    </test> <!-- Test -->
  </suite> <!-- Suite -->
</testng-results>
